19/09/2020 20:44:28 - ERROR - ATTENZIONE !!! File da inoltrare >< non trovato.
19/09/2020 21:02:13 - ERROR - ATTENZIONE !!! Passare il nome del file da inviare alla chiamata.
19/09/2020 21:02:35 - ERROR - ATTENZIONE !!! File da inoltrare >sasa< non trovato.
19/09/2020 21:04:26 - INFO - Inizio trasferimento file .tar.gz su niamitf01 per TEST
19/09/2020 21:04:31 - INFO - Trasferimento non completato
19/09/2020 21:05:40 - INFO - Inizio trasferimento file .tar.gz su niamitf01 per TEST
19/09/2020 21:05:42 - INFO - Trasferimento non completato
21/09/2020 03:08:38 - INFO - Inizio trasferimento file .tar.gz su niamitf01 per TEST
21/09/2020 03:10:44 - INFO - Trasferimento non completato
21/09/2020 03:10:47 - INFO - Inizio trasferimento file .tar.gz su niamitf01 per TEST
21/09/2020 03:11:13 - INFO - Trasferimento non completato
21/09/2020 03:18:31 - INFO - Inizio trasferimento file .tar.gz su niamitf01 per TEST
21/09/2020 03:18:56 - INFO - Trasferimento non completato
21/09/2020 03:18:56 - INFO - Inizio trasferimento file .tar.gz su niamitf01 per TEST
21/09/2020 03:18:58 - INFO - Trasferimento non completato
21/09/2020 03:42:37 - INFO - Inizio trasferimento file .tar.gz su niamitf01 per TEST
21/09/2020 03:42:52 - INFO - Trasferimento non completato
21/09/2020 03:42:52 - INFO - Inizio trasferimento file .tar.gz su niamitf01 per TEST
21/09/2020 03:42:52 - INFO - Trasferimento non completato
21/09/2020 03:48:09 - INFO - Inizio trasferimento file .tar.gz su niamitf01 per TEST
21/09/2020 03:48:59 - INFO - Trasferimento non completato
21/09/2020 03:48:59 - INFO - Inizio trasferimento file .tar.gz su niamitf01 per TEST
21/09/2020 03:49:00 - INFO - Trasferimento completato con successo
21/09/2020 03:52:30 - INFO - Inizio trasferimento file .tar.gz su niamitf01 per TEST
21/09/2020 03:52:31 - INFO - Trasferimento completato con successo
21/09/2020 03:52:31 - INFO - Inizio trasferimento file .tar.gz su niamitf01 per TEST
21/09/2020 03:53:09 - INFO - Trasferimento non completato
21/09/2020 04:01:56 - INFO - Inizio trasferimento file .tar.gz su niamitf01 per TEST
21/09/2020 04:01:57 - INFO - Trasferimento completato con successo
21/09/2020 04:01:57 - INFO - Inizio trasferimento file .tar.gz su niamitf01 per TEST
21/09/2020 04:03:28 - INFO - Trasferimento non completato
21/09/2020 04:06:47 - INFO - Inizio trasferimento file .tar.gz su niamitf01 per TEST
21/09/2020 04:06:48 - INFO - Trasferimento completato con successo
21/09/2020 04:06:48 - INFO - Inizio trasferimento file .tar.gz su niamitf01 per TEST
21/09/2020 04:06:48 - INFO - Trasferimento non completato
21/09/2020 04:09:47 - INFO - Inizio trasferimento file .tar.gz su niamitf01 per TEST
21/09/2020 04:09:47 - INFO - Creazione sftp batch script
21/09/2020 04:09:48 - INFO - Trasferimento completato con successo
21/09/2020 04:14:47 - INFO - Inizio trasferimento file .tar.gz su niamitf01 per TEST
21/09/2020 04:14:47 - INFO - Creazione sftp batch script
21/09/2020 04:14:47 - INFO - Trasferimento completato con successo
21/09/2020 04:16:44 - INFO - Inizio trasferimento file .tar.gz su niamitf01 per TEST
21/09/2020 04:16:44 - INFO - Creazione sftp batch script
21/09/2020 04:16:45 - INFO - Trasferimento completato con successo
21/09/2020 04:19:35 - INFO - Inizio trasferimento file data/alarms-1.csv su niamitf01 per TEST
21/09/2020 04:19:35 - INFO - Creazione sftp batch script
21/09/2020 04:19:35 - INFO - Trasferimento completato con successo
21/09/2020 04:22:15 - INFO - Inizio trasferimento file data/alarms-1.csv su niamitf01 per TEST
21/09/2020 04:22:15 - INFO - Creazione sftp batch script
21/09/2020 04:22:16 - INFO - Trasferimento completato con successo
